This is pdfTeX, Version 3.1415926-2.4-1.40.13 (TeX Live 2012) (format=latex 2013.1.23)  10 APR 2014 20:02
entering extended mode
 restricted \write18 enabled.
 %&-line parsing enabled.
**LA_Tech_thesis
(./LA_Tech_thesis.tex
LaTeX2e <2011/06/27>
Babel <v3.8m> and hyphenation patterns for english, dumylang, nohyphenation, ge
rman-x-2012-05-30, ngerman-x-2012-05-30, afrikaans, ancientgreek, ibycus, arabi
c, armenian, basque, bulgarian, catalan, pinyin, coptic, croatian, czech, danis
h, dutch, ukenglish, usenglishmax, esperanto, estonian, ethiopic, farsi, finnis
h, french, friulan, galician, german, ngerman, swissgerman, monogreek, greek, h
ungarian, icelandic, assamese, bengali, gujarati, hindi, kannada, malayalam, ma
rathi, oriya, panjabi, tamil, telugu, indonesian, interlingua, irish, italian, 
kurmanji, latin, latvian, lithuanian, mongolian, mongolianlmc, bokmal, nynorsk,
 polish, portuguese, romanian, romansh, russian, sanskrit, serbian, serbianc, s
lovak, slovenian, spanish, swedish, turkish, turkmen, ukrainian, uppersorbian, 
welsh, loaded.
(/usr/local/texlive/2012/texmf-dist/tex/latex/base/report.cls
Document Class: report 2007/10/19 v1.4h Standard LaTeX document class
(/usr/local/texlive/2012/texmf-dist/tex/latex/base/size12.clo
File: size12.clo 2007/10/19 v1.4h Standard LaTeX file (size option)
)
\c@part=\count79
\c@chapter=\count80
\c@section=\count81
\c@subsection=\count82
\c@subsubsection=\count83
\c@paragraph=\count84
\c@subparagraph=\count85
\c@figure=\count86
\c@table=\count87
\abovecaptionskip=\skip41
\belowcaptionskip=\skip42
\bibindent=\dimen102
)
(/usr/local/texlive/2012/texmf-dist/tex/latex/amsmath/amsmath.sty
Package: amsmath 2000/07/18 v2.13 AMS math features
\@mathmargin=\skip43

For additional information on amsmath, use the `?' option.
(/usr/local/texlive/2012/texmf-dist/tex/latex/amsmath/amstext.sty
Package: amstext 2000/06/29 v2.01

(/usr/local/texlive/2012/texmf-dist/tex/latex/amsmath/amsgen.sty
File: amsgen.sty 1999/11/30 v2.0
\@emptytoks=\toks14
\ex@=\dimen103
))
(/usr/local/texlive/2012/texmf-dist/tex/latex/amsmath/amsbsy.sty
Package: amsbsy 1999/11/29 v1.2d
\pmbraise@=\dimen104
)
(/usr/local/texlive/2012/texmf-dist/tex/latex/amsmath/amsopn.sty
Package: amsopn 1999/12/14 v2.01 operator names
)
\inf@bad=\count88
LaTeX Info: Redefining \frac on input line 211.
\uproot@=\count89
\leftroot@=\count90
LaTeX Info: Redefining \overline on input line 307.
\classnum@=\count91
\DOTSCASE@=\count92
LaTeX Info: Redefining \ldots on input line 379.
LaTeX Info: Redefining \dots on input line 382.
LaTeX Info: Redefining \cdots on input line 467.
\Mathstrutbox@=\box26
\strutbox@=\box27
\big@size=\dimen105
LaTeX Font Info:    Redeclaring font encoding OML on input line 567.
LaTeX Font Info:    Redeclaring font encoding OMS on input line 568.
\macc@depth=\count93
\c@MaxMatrixCols=\count94
\dotsspace@=\muskip10
\c@parentequation=\count95
\dspbrk@lvl=\count96
\tag@help=\toks15
\row@=\count97
\column@=\count98
\maxfields@=\count99
\andhelp@=\toks16
\eqnshift@=\dimen106
\alignsep@=\dimen107
\tagshift@=\dimen108
\tagwidth@=\dimen109
\totwidth@=\dimen110
\lineht@=\dimen111
\@envbody=\toks17
\multlinegap=\skip44
\multlinetaggap=\skip45
\mathdisplay@stack=\toks18
LaTeX Info: Redefining \[ on input line 2666.
LaTeX Info: Redefining \] on input line 2667.
)
(/usr/local/texlive/2012/texmf-dist/tex/latex/amscls/amsthm.sty
Package: amsthm 2009/07/02 v2.20.1
\thm@style=\toks19
\thm@bodyfont=\toks20
\thm@headfont=\toks21
\thm@notefont=\toks22
\thm@headpunct=\toks23
\thm@preskip=\skip46
\thm@postskip=\skip47
\thm@headsep=\skip48
\dth@everypar=\toks24
)
(/usr/local/texlive/2012/texmf-dist/tex/latex/amsfonts/amssymb.sty
Package: amssymb 2009/06/22 v3.00

(/usr/local/texlive/2012/texmf-dist/tex/latex/amsfonts/amsfonts.sty
Package: amsfonts 2009/06/22 v3.00 Basic AMSFonts support
\symAMSa=\mathgroup4
\symAMSb=\mathgroup5
LaTeX Font Info:    Overwriting math alphabet `\mathfrak' in version `bold'
(Font)                  U/euf/m/n --> U/euf/b/n on input line 96.
))
(/usr/local/texlive/2012/texmf-dist/tex/latex/setspace/setspace.sty
Package: setspace 2011/12/19 v6.7a set line spacing
)
(/usr/local/texlive/2012/texmf-dist/tex/latex/amsfonts/eucal.sty
Package: eucal 2009/06/22 v3.00 Euler Script fonts
LaTeX Font Info:    Overwriting math alphabet `\EuScript' in version `bold'
(Font)                  U/eus/m/n --> U/eus/b/n on input line 33.
)
(/usr/local/texlive/2012/texmf-dist/tex/latex/wrapfig/wrapfig.sty
\wrapoverhang=\dimen112
\WF@size=\dimen113
\c@WF@wrappedlines=\count100
\WF@box=\box28
\WF@everypar=\toks25
Package: wrapfig 2003/01/31  v 3.6
)
(/usr/local/texlive/2012/texmf-dist/tex/latex/graphics/graphicx.sty
Package: graphicx 1999/02/16 v1.0f Enhanced LaTeX Graphics (DPC,SPQR)

(/usr/local/texlive/2012/texmf-dist/tex/latex/graphics/keyval.sty
Package: keyval 1999/03/16 v1.13 key=value parser (DPC)
\KV@toks@=\toks26
)
(/usr/local/texlive/2012/texmf-dist/tex/latex/graphics/graphics.sty
Package: graphics 2009/02/05 v1.0o Standard LaTeX Graphics (DPC,SPQR)

(/usr/local/texlive/2012/texmf-dist/tex/latex/graphics/trig.sty
Package: trig 1999/03/16 v1.09 sin cos tan (DPC)
)
(/usr/local/texlive/2012/texmf-dist/tex/latex/latexconfig/graphics.cfg
File: graphics.cfg 2010/04/23 v1.9 graphics configuration of TeX Live
)
Package graphics Info: Driver file: dvips.def on input line 91.

(/usr/local/texlive/2012/texmf-dist/tex/latex/graphics/dvips.def
File: dvips.def 1999/02/16 v3.0i Driver-dependant file (DPC,SPQR)
))
\Gin@req@height=\dimen114
\Gin@req@width=\dimen115
)
(/usr/local/texlive/2012/texmf-dist/tex/latex/psfrag/psfrag.sty
Package: psfrag 1998/04/11 v3.04 PSfrag (MCG)
\pfg@pcount=\count101
\pfg@scount=\count102
\pfg@temp=\write3
)
(/usr/local/texlive/2012/texmf-dist/tex/latex/base/ifthen.sty
Package: ifthen 2001/05/26 v1.1c Standard LaTeX ifthen package (DPC)
)
(/usr/local/texlive/2012/texmf-dist/tex/latex/tools/array.sty
Package: array 2008/09/09 v2.4c Tabular extension package (FMi)
\col@sep=\dimen116
\extrarowheight=\dimen117
\NC@list=\toks27
\extratabsurround=\skip49
\backup@length=\skip50
)
(/usr/local/texlive/2012/texmf-dist/tex/latex/tools/longtable.sty
Package: longtable 2004/02/01 v4.11 Multi-page Table package (DPC)
\LTleft=\skip51
\LTright=\skip52
\LTpre=\skip53
\LTpost=\skip54
\LTchunksize=\count103
\LTcapwidth=\dimen118
\LT@head=\box29
\LT@firsthead=\box30
\LT@foot=\box31
\LT@lastfoot=\box32
\LT@cols=\count104
\LT@rows=\count105
\c@LT@tables=\count106
\c@LT@chunks=\count107
\LT@p@ftn=\toks28
)
(/usr/local/texlive/2012/texmf-dist/tex/latex/fancyvrb/fancyvrb.sty
Package: fancyvrb 2008/02/07

Style option: `fancyvrb' v2.7a, with DG/SPQR fixes, and firstline=lastline fix 
<2008/02/07> (tvz)
\FV@CodeLineNo=\count108
\FV@InFile=\read1
\FV@TabBox=\box33
\c@FancyVerbLine=\count109
\FV@StepNumber=\count110
\FV@OutFile=\write4
)
(/usr/local/texlive/2012/texmf-dist/tex/latex/fancyhdr/fancyhdr.sty
\fancy@headwidth=\skip55
\f@ncyO@elh=\skip56
\f@ncyO@erh=\skip57
\f@ncyO@olh=\skip58
\f@ncyO@orh=\skip59
\f@ncyO@elf=\skip60
\f@ncyO@erf=\skip61
\f@ncyO@olf=\skip62
\f@ncyO@orf=\skip63
)
(/usr/local/texlive/2012/texmf-dist/tex/latex/graphics/color.sty
Package: color 2005/11/14 v1.0j Standard LaTeX Color (DPC)

(/usr/local/texlive/2012/texmf-dist/tex/latex/latexconfig/color.cfg
File: color.cfg 2007/01/18 v1.5 color configuration of teTeX/TeXLive
)
Package color Info: Driver file: dvips.def on input line 130.

(/usr/local/texlive/2012/texmf-dist/tex/latex/graphics/dvipsnam.def
File: dvipsnam.def 1999/02/16 v3.0i Driver-dependant file (DPC,SPQR)
))
(/usr/local/texlive/2012/texmf-dist/tex/latex/sectsty/sectsty.sty
Package: sectsty 2002/02/25 v2.0.2 Commands to change all sectional heading sty
les
)
(/usr/local/texlive/2012/texmf-dist/tex/latex/titlesec/titlesec.sty
Package: titlesec 2011/12/15 v2.10.0 Sectioning titles
\ttl@box=\box34
\beforetitleunit=\skip64
\aftertitleunit=\skip65
\ttl@plus=\dimen119
\ttl@minus=\dimen120
\ttl@toksa=\toks29
\titlewidth=\dimen121
\titlewidthlast=\dimen122
\titlewidthfirst=\dimen123
)
(/usr/local/texlive/2012/texmf-dist/tex/latex/tocloft/tocloft.sty
Package: tocloft 2010/10/13 v2.3e parameterised ToC, etc., typesetting
Package tocloft Info: The document has chapter divisions on input line 43.
\cftparskip=\skip66
\cftbeforetoctitleskip=\skip67
\cftaftertoctitleskip=\skip68
\cftbeforepartskip=\skip69
\cftpartnumwidth=\skip70
\cftpartindent=\skip71
\cftbeforechapskip=\skip72
\cftchapindent=\skip73
\cftchapnumwidth=\skip74
\cftbeforesecskip=\skip75
\cftsecindent=\skip76
\cftsecnumwidth=\skip77
\cftbeforesubsecskip=\skip78
\cftsubsecindent=\skip79
\cftsubsecnumwidth=\skip80
\cftbeforesubsubsecskip=\skip81
\cftsubsubsecindent=\skip82
\cftsubsubsecnumwidth=\skip83
\cftbeforeparaskip=\skip84
\cftparaindent=\skip85
\cftparanumwidth=\skip86
\cftbeforesubparaskip=\skip87
\cftsubparaindent=\skip88
\cftsubparanumwidth=\skip89
\cftbeforeloftitleskip=\skip90
\cftafterloftitleskip=\skip91
\cftbeforefigskip=\skip92
\cftfigindent=\skip93
\cftfignumwidth=\skip94
\c@lofdepth=\count111
\c@lotdepth=\count112
\cftbeforelottitleskip=\skip95
\cftafterlottitleskip=\skip96
\cftbeforetabskip=\skip97
\cfttabindent=\skip98
\cfttabnumwidth=\skip99
)
(/usr/local/texlive/2012/texmf-dist/tex/latex/float/float.sty
Package: float 2001/11/08 v1.3d Float enhancements (AL)
\c@float@type=\count113
\float@exts=\toks30
\float@box=\box35
\@float@everytoks=\toks31
\@floatcapt=\box36
)
(/usr/local/texlive/2012/texmf-dist/tex/latex/tools/indentfirst.sty
Package: indentfirst 1995/11/23 v1.03 Indent first paragraph (DPC)
)
(/usr/local/texlive/2012/texmf-dist/tex/latex/microtype/microtype.sty
Package: microtype 2010/01/10 v2.4 Micro-typography with pdfTeX (RS)
\MT@toks=\toks32
\MT@count=\count114
LaTeX Info: Redefining \lsstyle on input line 1597.
LaTeX Info: Redefining \lslig on input line 1597.
\MT@outer@space=\skip100
LaTeX Info: Redefining \textls on input line 1605.
\MT@outer@kern=\dimen124
LaTeX Info: Redefining \textmicrotypecontext on input line 2156.
Package microtype Info: Loading configuration file microtype.cfg.

(/usr/local/texlive/2012/texmf-dist/tex/latex/microtype/microtype.cfg
File: microtype.cfg 2010/01/10 v2.4 microtype main configuration file (RS)
))
(/usr/local/texlive/2012/texmf-dist/tex/latex/caption/caption.sty
Package: caption 2013/01/06 v3.3 Customizing captions (AR)

(/usr/local/texlive/2012/texmf-dist/tex/latex/caption/caption3.sty
Package: caption3 2013/01/06 v1.5 caption3 kernel (AR)
\captionmargin=\dimen125
\captionmargin@=\dimen126
\captionwidth=\dimen127
\caption@tempdima=\dimen128
\caption@indent=\dimen129
\caption@parindent=\dimen130
\caption@hangindent=\dimen131
)
\c@ContinuedFloat=\count115
Package caption Info: float package is loaded.
Package caption Info: longtable package is loaded.

(/usr/local/texlive/2012/texmf-dist/tex/latex/caption/ltcaption.sty
Package: ltcaption 2011/09/12 v1.3 longtable captions (AR)
)
Package caption Info: wrapfig package is loaded.
)
\SpaceBeforeChapter=\skip101

(/usr/local/texlive/2012/texmf-dist/tex/latex/titlesec/block.tss
File: block.tss 2011/12/15
)
\c@currpart=\count116
\c@theorem=\count117
\c@algorithm=\count118

(./LA_Tech_thesis.aux (./titlepage.aux) (./abstract.aux) (./dedication.aux)
(./contents.aux) (./tables.aux) (./figures.aux) (./acknowledgements.aux)
(./preface.aux) (./chapter_01.aux) (./chapter_02.aux) (./chapter_03.aux)
(./end_chapter.aux) (./appendix_a.aux) (./bibliography.aux) (./chapter_vita.aux
))
\openout1 = `LA_Tech_thesis.aux'.

LaTeX Font Info:    Checking defaults for OML/cmm/m/it on input line 246.
LaTeX Font Info:    ... okay on input line 246.
LaTeX Font Info:    Checking defaults for T1/cmr/m/n on input line 246.
LaTeX Font Info:    ... okay on input line 246.
LaTeX Font Info:    Checking defaults for OT1/cmr/m/n on input line 246.
LaTeX Font Info:    ... okay on input line 246.
LaTeX Font Info:    Checking defaults for OMS/cmsy/m/n on input line 246.
LaTeX Font Info:    ... okay on input line 246.
LaTeX Font Info:    Checking defaults for OMX/cmex/m/n on input line 246.
LaTeX Font Info:    ... okay on input line 246.
LaTeX Font Info:    Checking defaults for U/cmr/m/n on input line 246.
LaTeX Font Info:    ... okay on input line 246.
LaTeX Info: Redefining \microtypecontext on input line 246.
Package microtype Info: Generating DVI output.
Package microtype Info: Character protrusion enabled (level 2).
Package microtype Info: Using default protrusion set `alltext'.
Package microtype Info: No font expansion.
Package microtype Info: No tracking.
Package microtype Info: No adjustment of interword spacing.
Package microtype Info: No adjustment of character kerning.
 (/usr/local/texlive/2012/texmf-dist/tex/latex/microtype/mt-cmr.cfg
File: mt-cmr.cfg 2009/11/09 v2.0 microtype config. file: Computer Modern Roman 
(RS)
)
Package caption Info: Begin \AtBeginDocument code.
Package caption Info: End \AtBeginDocument code.
LaTeX Font Info:    Try loading font information for OMS+cmr on input line 259.


(/usr/local/texlive/2012/texmf-dist/tex/latex/base/omscmr.fd
File: omscmr.fd 1999/05/25 v2.5h Standard LaTeX font definitions
)
LaTeX Font Info:    Font shape `OMS/cmr/m/n' in size <12> not available
(Font)              Font shape `OMS/cmsy/m/n' tried instead on input line 259.
LaTeX Font Info:    Try loading font information for U+msa on input line 265.

(/usr/local/texlive/2012/texmf-dist/tex/latex/amsfonts/umsa.fd
File: umsa.fd 2009/06/22 v3.00 AMS symbols A
)
(/usr/local/texlive/2012/texmf-dist/tex/latex/microtype/mt-msa.cfg
File: mt-msa.cfg 2006/02/04 v1.1 microtype config. file: AMS symbols (a) (RS)
)
LaTeX Font Info:    Try loading font information for U+msb on input line 265.

(/usr/local/texlive/2012/texmf-dist/tex/latex/amsfonts/umsb.fd
File: umsb.fd 2009/06/22 v3.00 AMS symbols B
)
(/usr/local/texlive/2012/texmf-dist/tex/latex/microtype/mt-msb.cfg
File: mt-msb.cfg 2005/06/01 v1.0 microtype config. file: AMS symbols (b) (RS)
) [1

]
[2

]
\openout2 = `titlepage.aux'.

 (./titlepage.tex) [1


] [2

]
\openout2 = `abstract.aux'.

 (./abstract.tex) [3


] [4

]
\openout2 = `dedication.aux'.

 (./dedication.tex
Overfull \hbox (42.53123pt too wide) in paragraph at lines 8--14
[]\OT1/cmr/m/n/12 Otherwise, com-ment out the lines $\OMS/cmsy/m/n/12 n$\OT1/cm
r/m/n/12 newpage and $\OMS/cmsy/m/n/12 n$\OT1/cmr/m/n/12 include$\OMS/cmsy/m/n/
12 f$\OT1/cmr/m/n/12 dedication$\OMS/cmsy/m/n/12 g$ \OT1/cmr/m/n/12 in phd$[]$t
hesis.tex. 
 []

) [5


]
\openout2 = `contents.aux'.

 (./contents.tex (./LA_Tech_thesis.toc
Overfull \hbox (0.71802pt too wide) detected at line 3
 \OT1/cmr/m/n/12 viii
 []

[6


])
\tf@toc=\write5
\openout5 = `LA_Tech_thesis.toc'.

) [7]
\openout2 = `tables.aux'.

 (./tables.tex
\mylenTable=\skip102
 (./LA_Tech_thesis.lot
Overfull \hbox (24.94736pt too wide) in paragraph at lines 5--5
 [][] []\OT1/cmr/m/n/12 A sam-ple ta-ble. If there are no ta-bles, com-ment out
 the $\OMS/cmsy/m/n/12 n$\OT1/cmr/m/n/12 include$\OMS/cmsy/m/n/12 f$\OT1/cmr/m/
n/12 tables$\OMS/cmsy/m/n/12 g$ 
 []

)
\tf@lot=\write6
\openout6 = `LA_Tech_thesis.lot'.


Underfull \hbox (badness 10000) in paragraph at lines 7--37

 []

) [8


]
\openout2 = `figures.aux'.

 (./figures.tex
\mylenFigure=\skip103
 (./LA_Tech_thesis.lof
Overfull \hbox (30.51233pt too wide) in paragraph at lines 8--8
 \OT1/cmr/m/n/12 Ini-tia-tive project. Im-age credit: mime.oregonstate.edu/news
/story/2103, 
 []

)
\tf@lof=\write7
\openout7 = `LA_Tech_thesis.lof'.

 [9


])
\openout2 = `acknowledgements.aux'.

 (./acknowledgements.tex) [10



]
\openout2 = `preface.aux'.

 (./preface.tex) [11



]
\openout2 = `chapter_01.aux'.

 (./chapter_01.tex
Chapter 1.
) [1



]
\openout2 = `chapter_02.aux'.

 (./chapter_02.tex
Chapter 2.

Package amsmath Warning: Foreign command \over;
(amsmath)                \frac or \genfrac should be used instead
(amsmath)                 on input line 38.

[2



] [3] [4]
Underfull \hbox (badness 10000) in paragraph at lines 257--260
[]\OT1/cmr/m/n/12 To force a right-justified line break,
 []

) [5]
\openout2 = `chapter_03.aux'.

 (./chapter_03.tex
Chapter 3.

Underfull \hbox (badness 10000) in paragraph at lines 26--27

 []

(./petersen_graph_with_bottom.pic
\plotpoint=\box37
) [6



]
Underfull \hbox (badness 10000) in paragraph at lines 55--56

 []

(./petersen_graph_high.pic) [7]
File: figs/bat_b.eps Graphic file (type eps)
 <figs/bat_b.eps>
File: figs/gull2_b.eps Graphic file (type eps)
 <figs/gull2_b.eps>
Underfull \hbox (badness 10000) in paragraph at lines 172--173

 []


Underfull \hbox (badness 10000) in paragraph at lines 183--184

 []


LaTeX Warning: `h' float specifier changed to `ht'.

[8]
Underfull \hbox (badness 10000) in paragraph at lines 239--240

 []

) [9]
\openout2 = `end_chapter.aux'.

 (./end_chapter.tex
Chapter 4.
[10



]) [11]
\openout2 = `appendix_a.aux'.

 (./appendix_a.tex
Appendix A.
[12



]
Missing character: There is no “ in font cmr12!
Missing character: There is no ” in font cmr12!
Missing character: There is no “ in font cmr12!
Missing character: There is no ” in font cmr12!
Missing character: There is no “ in font cmr12!
Missing character: There is no ” in font cmr12!
 [13

]) [14]
\openout2 = `bibliography.aux'.

 (./bibliography.tex
Underfull \hbox (badness 3323) in paragraph at lines 32--38
[]\OT1/cmr/m/n/12 Louisiana Tech Uni-vervsity, GUIDE-LINES FOR THE PREPA-RA-TIO
N
 []


Overfull \hbox (22.78275pt too wide) in paragraph at lines 32--38
\OT1/cmtt/m/n/12 http://www.latech.edu/graduate$[]$school/thesis$[]$dissertatio
ns/index.shtml 
 []

) [15



]
\openout2 = `chapter_vita.aux'.

 (./chapter_vita.tex) [16



] (./LA_Tech_thesis.aux (./titlepage.aux)
(./abstract.aux) (./dedication.aux) (./contents.aux) (./tables.aux)
(./figures.aux) (./acknowledgements.aux) (./preface.aux) (./chapter_01.aux)
(./chapter_02.aux) (./chapter_03.aux) (./end_chapter.aux) (./appendix_a.aux)
(./bibliography.aux) (./chapter_vita.aux)) ) 
Here is how much of TeX's memory you used:
 5953 strings out of 493489
 89794 string characters out of 3141370
 298995 words of memory out of 3000000
 9058 multiletter control sequences out of 15000+200000
 13333 words of font info for 51 fonts, out of 3000000 for 9000
 957 hyphenation exceptions out of 8191
 36i,13n,43p,4900b,324s stack positions out of 5000i,500n,10000p,200000b,50000s

Output written on LA_Tech_thesis.dvi (29 pages, 158880 bytes).
